[2020/01/03 16:49:29 CST] [INFO] [16262] (main.main:84) bfe[version:0.6.0-dev] start
[2020/01/03 16:49:29 CST] [INFO] [16262] (github.com/baidu/bfe/bfe_server.createListeners:135) createListeners(): begin to listen port[:8443]
[2020/01/03 16:49:29 CST] [INFO] [16262] (github.com/baidu/bfe/bfe_server.createListeners:135) createListeners(): begin to listen port[:8081]
[2020/01/03 16:52:20 CST] [INFO] [16472] (main.main:84) bfe[version:0.6.0-dev] start
[2020/01/03 16:52:20 CST] [INFO] [16472] (github.com/baidu/bfe/bfe_server.createListeners:135) createListeners(): begin to listen port[:8081]
[2020/01/03 16:52:20 CST] [INFO] [16472] (github.com/baidu/bfe/bfe_server.createListeners:135) createListeners(): begin to listen port[:8443]
[2020/01/03 16:52:20 CST] [INFO] [16472] (github.com/baidu/bfe/bfe_route/bfe_cluster.(*BfeCluster).BasicInit:78) cluster cluster_adapi init success
[2020/01/03 16:52:20 CST] [INFO] [16472] (github.com/baidu/bfe/bfe_route/bfe_cluster.(*BfeCluster).BasicInit:78) cluster cluster_example init success
[2020/01/03 16:52:20 CST] [INFO] [16472] (github.com/baidu/bfe/bfe_route.(*ClusterTable).Init:57) init cluster table success
[2020/01/03 16:52:20 CST] [INFO] [16472] (github.com/baidu/bfe/bfe_route.(*ServerDataConf).clusterTableLoad:105) init cluster table success
[2020/01/03 16:52:20 CST] [INFO] [16472] (github.com/baidu/bfe/bfe_server.(*BfeServer).InitDataLoad:51) init serverDataConf success
[2020/01/03 16:52:20 CST] [INFO] [16472] (github.com/baidu/bfe/bfe_balance.(*BalTable).Init:105) init bal table success
[2020/01/03 16:52:20 CST] [INFO] [16472] (github.com/baidu/bfe/bfe_server.(*BfeServer).InitDataLoad:64) init bal table success
[2020/01/03 16:52:20 CST] [INFO] [16472] (github.com/baidu/bfe/bfe_server.(*BfeServer).InitDataLoad:71) init name conf success
[2020/01/03 16:52:20 CST] [INFO] [16472] (github.com/baidu/bfe/bfe_server.StartUp:68) StartUp(): bfeServer.InitDataLoad() OK
[2020/01/03 16:52:20 CST] [INFO] [16472] (github.com/baidu/bfe/bfe_server.StartUp:72) StartUp():bfeServer.InitSignalTable() OK
[2020/01/03 16:52:20 CST] [INFO] [16472] (github.com/baidu/bfe/bfe_server.(*BfeServer).RegisterModules:43) RegisterModule():moduleName=mod_trust_clientip
[2020/01/03 16:52:20 CST] [INFO] [16472] (github.com/baidu/bfe/bfe_server.(*BfeServer).RegisterModules:43) RegisterModule():moduleName=mod_block
[2020/01/03 16:52:20 CST] [INFO] [16472] (github.com/baidu/bfe/bfe_server.(*BfeServer).RegisterModules:43) RegisterModule():moduleName=mod_header
[2020/01/03 16:52:20 CST] [INFO] [16472] (github.com/baidu/bfe/bfe_server.(*BfeServer).RegisterModules:43) RegisterModule():moduleName=mod_rewrite
[2020/01/03 16:52:20 CST] [INFO] [16472] (github.com/baidu/bfe/bfe_server.(*BfeServer).RegisterModules:43) RegisterModule():moduleName=mod_redirect
[2020/01/03 16:52:20 CST] [INFO] [16472] (github.com/baidu/bfe/bfe_server.(*BfeServer).RegisterModules:43) RegisterModule():moduleName=mod_logid
[2020/01/03 16:52:20 CST] [INFO] [16472] (github.com/baidu/bfe/bfe_server.(*BfeServer).RegisterModules:43) RegisterModule():moduleName=mod_access
[2020/01/03 16:52:20 CST] [INFO] [16472] (github.com/baidu/bfe/bfe_module.(*BfeModules).Init:107) mod_trust_clientip:Init() OK
[2020/01/03 16:52:20 CST] [INFO] [16472] (github.com/baidu/bfe/bfe_module.(*BfeModules).Init:107) mod_logid:Init() OK
[2020/01/03 16:52:20 CST] [INFO] [16472] (github.com/baidu/bfe/bfe_module.(*BfeModules).Init:107) mod_block:Init() OK
[2020/01/03 16:52:20 CST] [INFO] [16472] (github.com/baidu/bfe/bfe_module.(*BfeModules).Init:107) mod_redirect:Init() OK
[2020/01/03 16:52:20 CST] [INFO] [16472] (github.com/baidu/bfe/bfe_module.(*BfeModules).Init:107) mod_rewrite:Init() OK
[2020/01/03 16:52:20 CST] [INFO] [16472] (github.com/baidu/bfe/bfe_module.(*BfeModules).Init:107) mod_header:Init() OK
[2020/01/03 16:52:20 CST] [INFO] [16472] (github.com/baidu/bfe/bfe_module.(*BfeModules).Init:107) mod_access:Init() OK
[2020/01/03 16:52:20 CST] [INFO] [16472] (github.com/baidu/bfe/bfe_server.StartUp:96) StartUp():bfeServer.InitModules() OK
[2020/01/03 16:52:20 CST] [INFO] [16472] (github.com/baidu/go-lib/web-monitor/web_monitor.(*MonitorServer).ListenAndServe:369) Embeded web server start at port[8421]
[2020/01/03 16:52:48 CST] [INFO] [16472] (github.com/baidu/bfe/bfe_server.(*ReverseProxy).ServeHTTP:541) FindProduct error[no product found] host[bfe_forward] vip[<nil>] clientip[127.0.0.1:56276]
[2020/01/03 16:55:41 CST] [INFO] [16472] (github.com/baidu/bfe/bfe_server.(*ReverseProxy).ServeHTTP:541) FindProduct error[no product found] host[127.0.0.1:8081] vip[<nil>] clientip[127.0.0.1:57204]
[2020/01/03 17:31:45 CST] [INFO] [16472] (github.com/baidu/go-lib/web-monitor/web_monitor.(*MonitorServer).reloadHandler:269) MonitorServer:Reload through web, cmd=[mod_trust_clientip], params=[map[]] from[127.0.0.1:51577]
[2020/01/03 17:31:48 CST] [INFO] [16472] (github.com/baidu/bfe/bfe_route/bfe_cluster.(*BfeCluster).BasicInit:78) cluster cluster_example init success
[2020/01/03 17:31:48 CST] [INFO] [16472] (github.com/baidu/bfe/bfe_route/bfe_cluster.(*BfeCluster).BasicInit:78) cluster cluster_adapi init success
[2020/01/03 17:31:48 CST] [INFO] [16472] (github.com/baidu/bfe/bfe_route.(*ClusterTable).Init:57) init cluster table success
[2020/01/03 17:31:48 CST] [INFO] [16472] (github.com/baidu/bfe/bfe_route.(*ServerDataConf).clusterTableLoad:105) init cluster table success
[2020/01/03 17:31:48 CST] [INFO] [16472] (github.com/baidu/go-lib/web-monitor/web_monitor.(*MonitorServer).reloadHandler:269) MonitorServer:Reload through web, cmd=[server_data_conf], params=[map[]] from[127.0.0.1:51577]
[2020/01/03 17:31:53 CST] [INFO] [16472] (github.com/baidu/go-lib/web-monitor/web_monitor.(*MonitorServer).reloadHandler:269) MonitorServer:Reload through web, cmd=[name_conf], params=[map[]] from[127.0.0.1:51577]
[2020/01/03 17:47:15 CST] [INFO] [20733] (main.main:84) bfe[version:0.6.0-dev] start
[2020/01/03 17:47:15 CST] [INFO] [20733] (github.com/baidu/bfe/bfe_server.createListeners:135) createListeners(): begin to listen port[:8081]
[2020/01/03 17:47:15 CST] [INFO] [20733] (github.com/baidu/bfe/bfe_server.createListeners:135) createListeners(): begin to listen port[:8443]
[2020/01/03 17:47:15 CST] [DEBG] [20733] (github.com/baidu/bfe/bfe_server.(*BfeServer).tlsConfLoad:239) update tls server rule success
[2020/01/03 17:47:15 CST] [INFO] [20733] (github.com/baidu/bfe/bfe_route/bfe_cluster.(*BfeCluster).BasicInit:78) cluster cluster_adapi init success
[2020/01/03 17:47:15 CST] [INFO] [20733] (github.com/baidu/bfe/bfe_route/bfe_cluster.(*BfeCluster).BasicInit:78) cluster cluster_example init success
[2020/01/03 17:47:15 CST] [INFO] [20733] (github.com/baidu/bfe/bfe_route.(*ClusterTable).Init:57) init cluster table success
[2020/01/03 17:47:15 CST] [INFO] [20733] (github.com/baidu/bfe/bfe_route.(*ServerDataConf).clusterTableLoad:105) init cluster table success
[2020/01/03 17:47:15 CST] [DEBG] [20733] (github.com/baidu/bfe/bfe_server.createTransport:172) create a new transport for cluster_adapi, timeout 50000
[2020/01/03 17:47:15 CST] [DEBG] [20733] (github.com/baidu/bfe/bfe_server.createTransport:172) create a new transport for cluster_example, timeout 50000
[2020/01/03 17:47:15 CST] [INFO] [20733] (github.com/baidu/bfe/bfe_server.(*BfeServer).InitDataLoad:51) init serverDataConf success
[2020/01/03 17:47:15 CST] [INFO] [20733] (github.com/baidu/bfe/bfe_balance.(*BalTable).Init:105) init bal table success
[2020/01/03 17:47:15 CST] [INFO] [20733] (github.com/baidu/bfe/bfe_server.(*BfeServer).InitDataLoad:64) init bal table success
[2020/01/03 17:47:15 CST] [INFO] [20733] (github.com/baidu/bfe/bfe_server.(*BfeServer).InitDataLoad:71) init name conf success
[2020/01/03 17:47:15 CST] [INFO] [20733] (github.com/baidu/bfe/bfe_server.StartUp:68) StartUp(): bfeServer.InitDataLoad() OK
[2020/01/03 17:47:15 CST] [INFO] [20733] (github.com/baidu/bfe/bfe_server.StartUp:72) StartUp():bfeServer.InitSignalTable() OK
[2020/01/03 17:47:15 CST] [INFO] [20733] (github.com/baidu/bfe/bfe_server.(*BfeServer).RegisterModules:43) RegisterModule():moduleName=mod_trust_clientip
[2020/01/03 17:47:15 CST] [INFO] [20733] (github.com/baidu/bfe/bfe_server.(*BfeServer).RegisterModules:43) RegisterModule():moduleName=mod_block
[2020/01/03 17:47:15 CST] [INFO] [20733] (github.com/baidu/bfe/bfe_server.(*BfeServer).RegisterModules:43) RegisterModule():moduleName=mod_header
[2020/01/03 17:47:15 CST] [INFO] [20733] (github.com/baidu/bfe/bfe_server.(*BfeServer).RegisterModules:43) RegisterModule():moduleName=mod_rewrite
[2020/01/03 17:47:15 CST] [INFO] [20733] (github.com/baidu/bfe/bfe_server.(*BfeServer).RegisterModules:43) RegisterModule():moduleName=mod_redirect
[2020/01/03 17:47:15 CST] [INFO] [20733] (github.com/baidu/bfe/bfe_server.(*BfeServer).RegisterModules:43) RegisterModule():moduleName=mod_logid
[2020/01/03 17:47:15 CST] [INFO] [20733] (github.com/baidu/bfe/bfe_server.(*BfeServer).RegisterModules:43) RegisterModule():moduleName=mod_access
[2020/01/03 17:47:15 CST] [INFO] [20733] (github.com/baidu/bfe/bfe_module.(*BfeModules).Init:107) mod_trust_clientip:Init() OK
[2020/01/03 17:47:15 CST] [INFO] [20733] (github.com/baidu/bfe/bfe_module.(*BfeModules).Init:107) mod_logid:Init() OK
[2020/01/03 17:47:15 CST] [INFO] [20733] (github.com/baidu/bfe/bfe_module.(*BfeModules).Init:107) mod_block:Init() OK
[2020/01/03 17:47:15 CST] [INFO] [20733] (github.com/baidu/bfe/bfe_module.(*BfeModules).Init:107) mod_redirect:Init() OK
[2020/01/03 17:47:15 CST] [INFO] [20733] (github.com/baidu/bfe/bfe_module.(*BfeModules).Init:107) mod_rewrite:Init() OK
[2020/01/03 17:47:15 CST] [INFO] [20733] (github.com/baidu/bfe/bfe_module.(*BfeModules).Init:107) mod_header:Init() OK
[2020/01/03 17:47:15 CST] [INFO] [20733] (github.com/baidu/bfe/bfe_module.(*BfeModules).Init:107) mod_access:Init() OK
[2020/01/03 17:47:15 CST] [INFO] [20733] (github.com/baidu/bfe/bfe_server.StartUp:96) StartUp():bfeServer.InitModules() OK
[2020/01/03 17:47:15 CST] [INFO] [20733] (github.com/baidu/go-lib/web-monitor/web_monitor.(*MonitorServer).ListenAndServe:369) Embeded web server start at port[8421]
[2020/01/03 17:47:37 CST] [DEBG] [20733] (github.com/baidu/bfe/bfe_server.(*BfeListener).Accept:81) BfeListener: accept connection via BGW
[2020/01/03 17:47:37 CST] [DEBG] [20733] (github.com/baidu/bfe/bfe_util.getCipPortViaBGW:110) GetsockoptMutiByte fail: TCP_OPT_CIP_ANY: protocol not available
[2020/01/03 17:47:37 CST] [DEBG] [20733] (github.com/baidu/bfe/bfe_util.(*BgwConn).initSrcAddr:275) BgwConn getCipPortViaBGW failed, err:protocol not available
[2020/01/03 17:47:37 CST] [DEBG] [20733] (github.com/baidu/bfe/bfe_util.getVipPortViaBGW:88) GetsockoptMutiByte() fail: TCP_OPT_VIP_ANY: protocol not available
[2020/01/03 17:47:37 CST] [DEBG] [20733] (github.com/baidu/bfe/bfe_util.(*BgwConn).initDstAddr:288) BgwConn getVipPortViaBGW failed, err:protocol not available
[2020/01/03 17:47:37 CST] [DEBG] [20733] (github.com/baidu/bfe/bfe_server.newConn:167) newConn(): GetVip: vip unknown
[2020/01/03 17:47:37 CST] [DEBG] [20733] (github.com/baidu/bfe/bfe_server.(*conn).serve:490) conn.serve(): not upgrade to other protocol over http/https
[2020/01/03 17:47:37 CST] [DEBG] [20733] (github.com/baidu/bfe/bfe_balance/bal_gslb.(*BalanceGslb).Balance:344) sub cluster=[bx_adapi.all],total_weight=[100]
[2020/01/03 17:47:37 CST] [DEBG] [20733] (github.com/baidu/bfe/bfe_server.(*ReverseProxy).clusterInvoke:246) ReverseProxy.Invoke(): before HANDLE_FORWARD backend 10.13.4.162:80
[2020/01/03 17:47:37 CST] [DEBG] [20733] (github.com/baidu/bfe/bfe_server.(*ReverseProxy).clusterInvoke:261) ReverseProxy.Invoke(): after HANDLE_FORWARD backend 10.13.4.162:80
[2020/01/03 17:47:37 CST] [DEBG] [20733] (github.com/baidu/bfe/bfe_server.(*ReverseProxy).clusterInvoke:383) clusterInvoke &{200 OK 200 HTTP/1.1 1 1 map[Connection:[keep-alive] Content-Type:[application/json;charset=UTF-8] Date:[Fri, 03 Jan 2020 09:47:37 GMT] Server:[openresty/1.9.7.2] X-Powered-By:[PHP/5.6.30] X-Ragnar-Rpcid:[0] X-Ragnar-Traceid:[dsyueklmam]] 0xc000085c40 -1 [chunked] <nil> false map[] 0xc0003480f0 <nil>} <nil>
[2020/01/03 17:47:37 CST] [DEBG] [20733] (github.com/baidu/bfe/bfe_server.(*chunkWriter).writeHeader:323) Get Res-Length failed, err strconv.Atoi: parsing "": invalid syntax
[2020/01/03 17:49:22 CST] [DEBG] [20733] (github.com/baidu/bfe/bfe_server.(*BfeListener).Accept:81) BfeListener: accept connection via BGW
[2020/01/03 17:49:22 CST] [DEBG] [20733] (github.com/baidu/bfe/bfe_util.getCipPortViaBGW:110) GetsockoptMutiByte fail: TCP_OPT_CIP_ANY: protocol not available
[2020/01/03 17:49:22 CST] [DEBG] [20733] (github.com/baidu/bfe/bfe_util.(*BgwConn).initSrcAddr:275) BgwConn getCipPortViaBGW failed, err:protocol not available
[2020/01/03 17:49:22 CST] [DEBG] [20733] (github.com/baidu/bfe/bfe_util.getVipPortViaBGW:88) GetsockoptMutiByte() fail: TCP_OPT_VIP_ANY: protocol not available
[2020/01/03 17:49:22 CST] [DEBG] [20733] (github.com/baidu/bfe/bfe_util.(*BgwConn).initDstAddr:288) BgwConn getVipPortViaBGW failed, err:protocol not available
[2020/01/03 17:49:22 CST] [DEBG] [20733] (github.com/baidu/bfe/bfe_server.newConn:167) newConn(): GetVip: vip unknown
[2020/01/03 17:49:22 CST] [DEBG] [20733] (github.com/baidu/bfe/bfe_server.(*conn).serve:490) conn.serve(): not upgrade to other protocol over http/https
[2020/01/03 17:49:22 CST] [DEBG] [20733] (github.com/baidu/bfe/bfe_balance/bal_gslb.(*BalanceGslb).Balance:344) sub cluster=[bx_adapi.all],total_weight=[100]
[2020/01/03 17:49:22 CST] [DEBG] [20733] (github.com/baidu/bfe/bfe_server.(*ReverseProxy).clusterInvoke:246) ReverseProxy.Invoke(): before HANDLE_FORWARD backend 10.13.4.162:80
[2020/01/03 17:49:22 CST] [DEBG] [20733] (github.com/baidu/bfe/bfe_server.(*ReverseProxy).clusterInvoke:261) ReverseProxy.Invoke(): after HANDLE_FORWARD backend 10.13.4.162:80
[2020/01/03 17:49:22 CST] [DEBG] [20733] (github.com/baidu/bfe/bfe_server.(*ReverseProxy).clusterInvoke:383) clusterInvoke &{200 OK 200 HTTP/1.1 1 1 map[Connection:[keep-alive] Content-Type:[application/json;charset=UTF-8] Date:[Fri, 03 Jan 2020 09:49:22 GMT] Server:[openresty/1.9.7.2] X-Powered-By:[PHP/5.6.30] X-Ragnar-Rpcid:[0] X-Ragnar-Traceid:[dsyuenaAyq]] 0xc000082200 -1 [chunked] <nil> false map[] 0xc0003d00f0 <nil>} <nil>
[2020/01/03 17:49:22 CST] [DEBG] [20733] (github.com/baidu/bfe/bfe_server.(*chunkWriter).writeHeader:323) Get Res-Length failed, err strconv.Atoi: parsing "": invalid syntax
[2020/01/03 17:49:37 CST] [DEBG] [20733] (github.com/baidu/bfe/bfe_server.(*BfeListener).Accept:81) BfeListener: accept connection via BGW
[2020/01/03 17:49:37 CST] [DEBG] [20733] (github.com/baidu/bfe/bfe_util.getCipPortViaBGW:110) GetsockoptMutiByte fail: TCP_OPT_CIP_ANY: protocol not available
[2020/01/03 17:49:37 CST] [DEBG] [20733] (github.com/baidu/bfe/bfe_util.(*BgwConn).initSrcAddr:275) BgwConn getCipPortViaBGW failed, err:protocol not available
[2020/01/03 17:49:37 CST] [DEBG] [20733] (github.com/baidu/bfe/bfe_util.getVipPortViaBGW:88) GetsockoptMutiByte() fail: TCP_OPT_VIP_ANY: protocol not available
[2020/01/03 17:49:37 CST] [DEBG] [20733] (github.com/baidu/bfe/bfe_util.(*BgwConn).initDstAddr:288) BgwConn getVipPortViaBGW failed, err:protocol not available
[2020/01/03 17:49:37 CST] [DEBG] [20733] (github.com/baidu/bfe/bfe_server.newConn:167) newConn(): GetVip: vip unknown
[2020/01/03 17:49:37 CST] [DEBG] [20733] (github.com/baidu/bfe/bfe_server.(*conn).serve:490) conn.serve(): not upgrade to other protocol over http/https
[2020/01/03 17:49:37 CST] [DEBG] [20733] (github.com/baidu/bfe/bfe_balance/bal_gslb.(*BalanceGslb).Balance:344) sub cluster=[bx_adapi.all],total_weight=[100]
[2020/01/03 17:49:37 CST] [DEBG] [20733] (github.com/baidu/bfe/bfe_server.(*ReverseProxy).clusterInvoke:246) ReverseProxy.Invoke(): before HANDLE_FORWARD backend 10.13.4.162:80
[2020/01/03 17:49:37 CST] [DEBG] [20733] (github.com/baidu/bfe/bfe_server.(*ReverseProxy).clusterInvoke:261) ReverseProxy.Invoke(): after HANDLE_FORWARD backend 10.13.4.162:80
[2020/01/03 17:49:37 CST] [DEBG] [20733] (github.com/baidu/bfe/bfe_server.(*ReverseProxy).clusterInvoke:383) clusterInvoke &{200 OK 200 HTTP/1.1 1 1 map[Connection:[keep-alive] Content-Type:[application/json;charset=UTF-8] Date:[Fri, 03 Jan 2020 09:49:37 GMT] Server:[openresty/1.9.7.2] X-Powered-By:[PHP/5.6.30] X-Ragnar-Rpcid:[0] X-Ragnar-Traceid:[dsyuenretc]] 0xc0002fedc0 -1 [chunked] <nil> false map[] 0xc0004020f0 <nil>} <nil>
[2020/01/03 17:49:37 CST] [DEBG] [20733] (github.com/baidu/bfe/bfe_server.(*chunkWriter).writeHeader:323) Get Res-Length failed, err strconv.Atoi: parsing "": invalid syntax
[2020/01/03 17:52:37 CST] [DEBG] [20733] (github.com/baidu/bfe/bfe_server.(*BfeListener).Accept:81) BfeListener: accept connection via BGW
[2020/01/03 17:52:37 CST] [DEBG] [20733] (github.com/baidu/bfe/bfe_util.getCipPortViaBGW:110) GetsockoptMutiByte fail: TCP_OPT_CIP_ANY: protocol not available
[2020/01/03 17:52:37 CST] [DEBG] [20733] (github.com/baidu/bfe/bfe_util.(*BgwConn).initSrcAddr:275) BgwConn getCipPortViaBGW failed, err:protocol not available
[2020/01/03 17:52:37 CST] [DEBG] [20733] (github.com/baidu/bfe/bfe_util.getVipPortViaBGW:88) GetsockoptMutiByte() fail: TCP_OPT_VIP_ANY: protocol not available
[2020/01/03 17:52:37 CST] [DEBG] [20733] (github.com/baidu/bfe/bfe_util.(*BgwConn).initDstAddr:288) BgwConn getVipPortViaBGW failed, err:protocol not available
[2020/01/03 17:52:37 CST] [DEBG] [20733] (github.com/baidu/bfe/bfe_server.newConn:167) newConn(): GetVip: vip unknown
[2020/01/03 17:52:37 CST] [DEBG] [20733] (github.com/baidu/bfe/bfe_server.(*conn).serve:490) conn.serve(): not upgrade to other protocol over http/https
[2020/01/03 17:52:37 CST] [DEBG] [20733] (github.com/baidu/bfe/bfe_balance/bal_gslb.(*BalanceGslb).Balance:344) sub cluster=[bx_adapi.all],total_weight=[100]
[2020/01/03 17:52:37 CST] [DEBG] [20733] (github.com/baidu/bfe/bfe_server.(*ReverseProxy).clusterInvoke:246) ReverseProxy.Invoke(): before HANDLE_FORWARD backend 10.13.4.162:80
[2020/01/03 17:52:37 CST] [DEBG] [20733] (github.com/baidu/bfe/bfe_server.(*ReverseProxy).clusterInvoke:261) ReverseProxy.Invoke(): after HANDLE_FORWARD backend 10.13.4.162:80
[2020/01/03 17:52:37 CST] [DEBG] [20733] (github.com/baidu/bfe/bfe_server.(*ReverseProxy).clusterInvoke:383) clusterInvoke &{200 OK 200 HTTP/1.1 1 1 map[Connection:[keep-alive] Content-Type:[application/json;charset=UTF-8] Date:[Fri, 03 Jan 2020 09:52:37 GMT] Server:[openresty/1.9.7.2] X-Powered-By:[PHP/5.6.30] X-Ragnar-Rpcid:[0] X-Ragnar-Traceid:[dsyuesfmvQ]] 0xc0002fee40 -1 [chunked] <nil> false map[] 0xc0004a00f0 <nil>} <nil>
[2020/01/03 17:52:37 CST] [DEBG] [20733] (github.com/baidu/bfe/bfe_server.(*chunkWriter).writeHeader:323) Get Res-Length failed, err strconv.Atoi: parsing "": invalid syntax
[2020/01/03 18:32:08 CST] [DEBG] [20733] (github.com/baidu/bfe/bfe_server.(*BfeListener).Accept:81) BfeListener: accept connection via BGW
[2020/01/03 18:32:08 CST] [DEBG] [20733] (github.com/baidu/bfe/bfe_util.getCipPortViaBGW:110) GetsockoptMutiByte fail: TCP_OPT_CIP_ANY: protocol not available
[2020/01/03 18:32:08 CST] [DEBG] [20733] (github.com/baidu/bfe/bfe_util.(*BgwConn).initSrcAddr:275) BgwConn getCipPortViaBGW failed, err:protocol not available
[2020/01/03 18:32:08 CST] [DEBG] [20733] (github.com/baidu/bfe/bfe_util.getVipPortViaBGW:88) GetsockoptMutiByte() fail: TCP_OPT_VIP_ANY: protocol not available
[2020/01/03 18:32:08 CST] [DEBG] [20733] (github.com/baidu/bfe/bfe_util.(*BgwConn).initDstAddr:288) BgwConn getVipPortViaBGW failed, err:protocol not available
[2020/01/03 18:32:08 CST] [DEBG] [20733] (github.com/baidu/bfe/bfe_server.newConn:167) newConn(): GetVip: vip unknown
[2020/01/03 18:32:08 CST] [DEBG] [20733] (github.com/baidu/bfe/bfe_server.(*conn).serve:490) conn.serve(): not upgrade to other protocol over http/https
[2020/01/03 18:32:08 CST] [INFO] [20733] (github.com/baidu/bfe/bfe_server.(*ReverseProxy).ServeHTTP:541) FindProduct error[no product found] host[adapi.biz.weibo.com] vip[<nil>] clientip[127.0.0.1:61704]
[2020/01/03 18:32:08 CST] [DEBG] [20733] (github.com/baidu/bfe/bfe_server.(*chunkWriter).writeHeader:323) Get Res-Length failed, err strconv.Atoi: parsing "": invalid syntax
[2020/01/03 18:43:03 CST] [DEBG] [20733] (github.com/baidu/bfe/bfe_server.(*BfeListener).Accept:81) BfeListener: accept connection via BGW
[2020/01/03 18:43:03 CST] [DEBG] [20733] (github.com/baidu/bfe/bfe_util.getCipPortViaBGW:110) GetsockoptMutiByte fail: TCP_OPT_CIP_ANY: protocol not available
[2020/01/03 18:43:03 CST] [DEBG] [20733] (github.com/baidu/bfe/bfe_util.(*BgwConn).initSrcAddr:275) BgwConn getCipPortViaBGW failed, err:protocol not available
[2020/01/03 18:43:03 CST] [DEBG] [20733] (github.com/baidu/bfe/bfe_util.getVipPortViaBGW:88) GetsockoptMutiByte() fail: TCP_OPT_VIP_ANY: protocol not available
[2020/01/03 18:43:03 CST] [DEBG] [20733] (github.com/baidu/bfe/bfe_util.(*BgwConn).initDstAddr:288) BgwConn getVipPortViaBGW failed, err:protocol not available
[2020/01/03 18:43:03 CST] [DEBG] [20733] (github.com/baidu/bfe/bfe_server.newConn:167) newConn(): GetVip: vip unknown
[2020/01/03 18:43:03 CST] [DEBG] [20733] (github.com/baidu/bfe/bfe_server.(*conn).serve:490) conn.serve(): not upgrade to other protocol over http/https
[2020/01/03 18:43:03 CST] [INFO] [20733] (github.com/baidu/bfe/bfe_server.(*ReverseProxy).ServeHTTP:541) FindProduct error[no product found] host[adapi.biz.weibo.com] vip[<nil>] clientip[127.0.0.1:65047]
[2020/01/03 18:43:03 CST] [DEBG] [20733] (github.com/baidu/bfe/bfe_server.(*chunkWriter).writeHeader:323) Get Res-Length failed, err strconv.Atoi: parsing "": invalid syntax
[2020/01/03 18:43:05 CST] [DEBG] [20733] (github.com/baidu/bfe/bfe_server.(*BfeListener).Accept:81) BfeListener: accept connection via BGW
[2020/01/03 18:43:05 CST] [DEBG] [20733] (github.com/baidu/bfe/bfe_util.getCipPortViaBGW:110) GetsockoptMutiByte fail: TCP_OPT_CIP_ANY: protocol not available
[2020/01/03 18:43:05 CST] [DEBG] [20733] (github.com/baidu/bfe/bfe_util.(*BgwConn).initSrcAddr:275) BgwConn getCipPortViaBGW failed, err:protocol not available
[2020/01/03 18:43:05 CST] [DEBG] [20733] (github.com/baidu/bfe/bfe_util.getVipPortViaBGW:88) GetsockoptMutiByte() fail: TCP_OPT_VIP_ANY: protocol not available
[2020/01/03 18:43:05 CST] [DEBG] [20733] (github.com/baidu/bfe/bfe_util.(*BgwConn).initDstAddr:288) BgwConn getVipPortViaBGW failed, err:protocol not available
[2020/01/03 18:43:05 CST] [DEBG] [20733] (github.com/baidu/bfe/bfe_server.newConn:167) newConn(): GetVip: vip unknown
[2020/01/03 18:43:05 CST] [DEBG] [20733] (github.com/baidu/bfe/bfe_server.(*conn).serve:490) conn.serve(): not upgrade to other protocol over http/https
[2020/01/03 18:43:05 CST] [INFO] [20733] (github.com/baidu/bfe/bfe_server.(*ReverseProxy).ServeHTTP:541) FindProduct error[no product found] host[adapi.biz.weibo.com] vip[<nil>] clientip[127.0.0.1:65056]
[2020/01/03 18:43:05 CST] [DEBG] [20733] (github.com/baidu/bfe/bfe_server.(*chunkWriter).writeHeader:323) Get Res-Length failed, err strconv.Atoi: parsing "": invalid syntax
[2020/01/03 18:43:05 CST] [DEBG] [20733] (github.com/baidu/bfe/bfe_server.(*BfeListener).Accept:81) BfeListener: accept connection via BGW
[2020/01/03 18:43:05 CST] [DEBG] [20733] (github.com/baidu/bfe/bfe_util.getCipPortViaBGW:110) GetsockoptMutiByte fail: TCP_OPT_CIP_ANY: protocol not available
[2020/01/03 18:43:05 CST] [DEBG] [20733] (github.com/baidu/bfe/bfe_util.(*BgwConn).initSrcAddr:275) BgwConn getCipPortViaBGW failed, err:protocol not available
[2020/01/03 18:43:05 CST] [DEBG] [20733] (github.com/baidu/bfe/bfe_util.getVipPortViaBGW:88) GetsockoptMutiByte() fail: TCP_OPT_VIP_ANY: protocol not available
[2020/01/03 18:43:05 CST] [DEBG] [20733] (github.com/baidu/bfe/bfe_util.(*BgwConn).initDstAddr:288) BgwConn getVipPortViaBGW failed, err:protocol not available
[2020/01/03 18:43:05 CST] [DEBG] [20733] (github.com/baidu/bfe/bfe_server.newConn:167) newConn(): GetVip: vip unknown
[2020/01/03 18:43:05 CST] [DEBG] [20733] (github.com/baidu/bfe/bfe_server.(*conn).serve:490) conn.serve(): not upgrade to other protocol over http/https
[2020/01/03 18:43:05 CST] [INFO] [20733] (github.com/baidu/bfe/bfe_server.(*ReverseProxy).ServeHTTP:541) FindProduct error[no product found] host[adapi.biz.weibo.com] vip[<nil>] clientip[127.0.0.1:65061]
[2020/01/03 18:43:05 CST] [DEBG] [20733] (github.com/baidu/bfe/bfe_server.(*chunkWriter).writeHeader:323) Get Res-Length failed, err strconv.Atoi: parsing "": invalid syntax
[2020/01/03 18:43:05 CST] [DEBG] [20733] (github.com/baidu/bfe/bfe_server.(*BfeListener).Accept:81) BfeListener: accept connection via BGW
[2020/01/03 18:43:05 CST] [DEBG] [20733] (github.com/baidu/bfe/bfe_util.getCipPortViaBGW:110) GetsockoptMutiByte fail: TCP_OPT_CIP_ANY: protocol not available
[2020/01/03 18:43:05 CST] [DEBG] [20733] (github.com/baidu/bfe/bfe_util.(*BgwConn).initSrcAddr:275) BgwConn getCipPortViaBGW failed, err:protocol not available
[2020/01/03 18:43:05 CST] [DEBG] [20733] (github.com/baidu/bfe/bfe_util.getVipPortViaBGW:88) GetsockoptMutiByte() fail: TCP_OPT_VIP_ANY: protocol not available
[2020/01/03 18:43:05 CST] [DEBG] [20733] (github.com/baidu/bfe/bfe_util.(*BgwConn).initDstAddr:288) BgwConn getVipPortViaBGW failed, err:protocol not available
[2020/01/03 18:43:05 CST] [DEBG] [20733] (github.com/baidu/bfe/bfe_server.newConn:167) newConn(): GetVip: vip unknown
[2020/01/03 18:43:05 CST] [DEBG] [20733] (github.com/baidu/bfe/bfe_server.(*conn).serve:490) conn.serve(): not upgrade to other protocol over http/https
[2020/01/03 18:43:05 CST] [INFO] [20733] (github.com/baidu/bfe/bfe_server.(*ReverseProxy).ServeHTTP:541) FindProduct error[no product found] host[adapi.biz.weibo.com] vip[<nil>] clientip[127.0.0.1:65062]
[2020/01/03 18:43:05 CST] [DEBG] [20733] (github.com/baidu/bfe/bfe_server.(*chunkWriter).writeHeader:323) Get Res-Length failed, err strconv.Atoi: parsing "": invalid syntax
[2020/01/03 18:43:06 CST] [DEBG] [20733] (github.com/baidu/bfe/bfe_server.(*BfeListener).Accept:81) BfeListener: accept connection via BGW
[2020/01/03 18:43:06 CST] [DEBG] [20733] (github.com/baidu/bfe/bfe_util.getCipPortViaBGW:110) GetsockoptMutiByte fail: TCP_OPT_CIP_ANY: protocol not available
[2020/01/03 18:43:06 CST] [DEBG] [20733] (github.com/baidu/bfe/bfe_util.(*BgwConn).initSrcAddr:275) BgwConn getCipPortViaBGW failed, err:protocol not available
[2020/01/03 18:43:06 CST] [DEBG] [20733] (github.com/baidu/bfe/bfe_util.getVipPortViaBGW:88) GetsockoptMutiByte() fail: TCP_OPT_VIP_ANY: protocol not available
[2020/01/03 18:43:06 CST] [DEBG] [20733] (github.com/baidu/bfe/bfe_util.(*BgwConn).initDstAddr:288) BgwConn getVipPortViaBGW failed, err:protocol not available
[2020/01/03 18:43:06 CST] [DEBG] [20733] (github.com/baidu/bfe/bfe_server.newConn:167) newConn(): GetVip: vip unknown
[2020/01/03 18:43:06 CST] [DEBG] [20733] (github.com/baidu/bfe/bfe_server.(*conn).serve:490) conn.serve(): not upgrade to other protocol over http/https
[2020/01/03 18:43:06 CST] [INFO] [20733] (github.com/baidu/bfe/bfe_server.(*ReverseProxy).ServeHTTP:541) FindProduct error[no product found] host[adapi.biz.weibo.com] vip[<nil>] clientip[127.0.0.1:65067]
[2020/01/03 18:43:06 CST] [DEBG] [20733] (github.com/baidu/bfe/bfe_server.(*chunkWriter).writeHeader:323) Get Res-Length failed, err strconv.Atoi: parsing "": invalid syntax
[2020/01/03 18:43:06 CST] [DEBG] [20733] (github.com/baidu/bfe/bfe_server.(*BfeListener).Accept:81) BfeListener: accept connection via BGW
[2020/01/03 18:43:06 CST] [DEBG] [20733] (github.com/baidu/bfe/bfe_util.getCipPortViaBGW:110) GetsockoptMutiByte fail: TCP_OPT_CIP_ANY: protocol not available
[2020/01/03 18:43:06 CST] [DEBG] [20733] (github.com/baidu/bfe/bfe_util.(*BgwConn).initSrcAddr:275) BgwConn getCipPortViaBGW failed, err:protocol not available
[2020/01/03 18:43:06 CST] [DEBG] [20733] (github.com/baidu/bfe/bfe_util.getVipPortViaBGW:88) GetsockoptMutiByte() fail: TCP_OPT_VIP_ANY: protocol not available
[2020/01/03 18:43:06 CST] [DEBG] [20733] (github.com/baidu/bfe/bfe_util.(*BgwConn).initDstAddr:288) BgwConn getVipPortViaBGW failed, err:protocol not available
[2020/01/03 18:43:06 CST] [DEBG] [20733] (github.com/baidu/bfe/bfe_server.newConn:167) newConn(): GetVip: vip unknown
[2020/01/03 18:43:06 CST] [DEBG] [20733] (github.com/baidu/bfe/bfe_server.(*conn).serve:490) conn.serve(): not upgrade to other protocol over http/https
[2020/01/03 18:43:06 CST] [INFO] [20733] (github.com/baidu/bfe/bfe_server.(*ReverseProxy).ServeHTTP:541) FindProduct error[no product found] host[adapi.biz.weibo.com] vip[<nil>] clientip[127.0.0.1:65068]
[2020/01/03 18:43:06 CST] [DEBG] [20733] (github.com/baidu/bfe/bfe_server.(*chunkWriter).writeHeader:323) Get Res-Length failed, err strconv.Atoi: parsing "": invalid syntax
[2020/01/03 18:43:46 CST] [DEBG] [20733] (github.com/baidu/bfe/bfe_server.(*BfeListener).Accept:81) BfeListener: accept connection via BGW
[2020/01/03 18:43:46 CST] [DEBG] [20733] (github.com/baidu/bfe/bfe_util.getCipPortViaBGW:110) GetsockoptMutiByte fail: TCP_OPT_CIP_ANY: protocol not available
[2020/01/03 18:43:46 CST] [DEBG] [20733] (github.com/baidu/bfe/bfe_util.(*BgwConn).initSrcAddr:275) BgwConn getCipPortViaBGW failed, err:protocol not available
[2020/01/03 18:43:46 CST] [DEBG] [20733] (github.com/baidu/bfe/bfe_util.getVipPortViaBGW:88) GetsockoptMutiByte() fail: TCP_OPT_VIP_ANY: protocol not available
[2020/01/03 18:43:46 CST] [DEBG] [20733] (github.com/baidu/bfe/bfe_util.(*BgwConn).initDstAddr:288) BgwConn getVipPortViaBGW failed, err:protocol not available
[2020/01/03 18:43:46 CST] [DEBG] [20733] (github.com/baidu/bfe/bfe_server.newConn:167) newConn(): GetVip: vip unknown
[2020/01/03 18:43:46 CST] [DEBG] [20733] (github.com/baidu/bfe/bfe_server.(*conn).serve:490) conn.serve(): not upgrade to other protocol over http/https
[2020/01/03 18:43:46 CST] [INFO] [20733] (github.com/baidu/bfe/bfe_server.(*ReverseProxy).ServeHTTP:541) FindProduct error[no product found] host[adapi.biz.weibo.com] vip[<nil>] clientip[127.0.0.1:65283]
[2020/01/03 18:43:46 CST] [DEBG] [20733] (github.com/baidu/bfe/bfe_server.(*chunkWriter).writeHeader:323) Get Res-Length failed, err strconv.Atoi: parsing "": invalid syntax
[2020/01/03 18:43:47 CST] [DEBG] [20733] (github.com/baidu/bfe/bfe_server.(*BfeListener).Accept:81) BfeListener: accept connection via BGW
[2020/01/03 18:43:47 CST] [DEBG] [20733] (github.com/baidu/bfe/bfe_util.getCipPortViaBGW:110) GetsockoptMutiByte fail: TCP_OPT_CIP_ANY: protocol not available
[2020/01/03 18:43:47 CST] [DEBG] [20733] (github.com/baidu/bfe/bfe_util.(*BgwConn).initSrcAddr:275) BgwConn getCipPortViaBGW failed, err:protocol not available
[2020/01/03 18:43:47 CST] [DEBG] [20733] (github.com/baidu/bfe/bfe_util.getVipPortViaBGW:88) GetsockoptMutiByte() fail: TCP_OPT_VIP_ANY: protocol not available
[2020/01/03 18:43:47 CST] [DEBG] [20733] (github.com/baidu/bfe/bfe_util.(*BgwConn).initDstAddr:288) BgwConn getVipPortViaBGW failed, err:protocol not available
[2020/01/03 18:43:47 CST] [DEBG] [20733] (github.com/baidu/bfe/bfe_server.newConn:167) newConn(): GetVip: vip unknown
[2020/01/03 18:43:47 CST] [DEBG] [20733] (github.com/baidu/bfe/bfe_server.(*conn).serve:490) conn.serve(): not upgrade to other protocol over http/https
[2020/01/03 18:43:47 CST] [INFO] [20733] (github.com/baidu/bfe/bfe_server.(*ReverseProxy).ServeHTTP:541) FindProduct error[no product found] host[adapi.biz.weibo.com] vip[<nil>] clientip[127.0.0.1:65288]
[2020/01/03 18:43:47 CST] [DEBG] [20733] (github.com/baidu/bfe/bfe_server.(*chunkWriter).writeHeader:323) Get Res-Length failed, err strconv.Atoi: parsing "": invalid syntax
[2020/01/03 18:52:10 CST] [DEBG] [20733] (github.com/baidu/bfe/bfe_server.(*BfeListener).Accept:81) BfeListener: accept connection via BGW
[2020/01/03 18:52:10 CST] [DEBG] [20733] (github.com/baidu/bfe/bfe_util.getCipPortViaBGW:110) GetsockoptMutiByte fail: TCP_OPT_CIP_ANY: protocol not available
[2020/01/03 18:52:10 CST] [DEBG] [20733] (github.com/baidu/bfe/bfe_util.(*BgwConn).initSrcAddr:275) BgwConn getCipPortViaBGW failed, err:protocol not available
[2020/01/03 18:52:10 CST] [DEBG] [20733] (github.com/baidu/bfe/bfe_util.getVipPortViaBGW:88) GetsockoptMutiByte() fail: TCP_OPT_VIP_ANY: protocol not available
[2020/01/03 18:52:10 CST] [DEBG] [20733] (github.com/baidu/bfe/bfe_util.(*BgwConn).initDstAddr:288) BgwConn getVipPortViaBGW failed, err:protocol not available
[2020/01/03 18:52:10 CST] [DEBG] [20733] (github.com/baidu/bfe/bfe_server.newConn:167) newConn(): GetVip: vip unknown
[2020/01/03 18:52:10 CST] [DEBG] [20733] (github.com/baidu/bfe/bfe_server.(*conn).serve:490) conn.serve(): not upgrade to other protocol over http/https
[2020/01/03 18:52:10 CST] [INFO] [20733] (github.com/baidu/bfe/bfe_server.(*ReverseProxy).ServeHTTP:541) FindProduct error[no product found] host[adapi.biz.weibo.com] vip[<nil>] clientip[127.0.0.1:51523]
[2020/01/03 18:52:10 CST] [DEBG] [20733] (github.com/baidu/bfe/bfe_server.(*chunkWriter).writeHeader:323) Get Res-Length failed, err strconv.Atoi: parsing "": invalid syntax
[2020/01/03 18:52:11 CST] [DEBG] [20733] (github.com/baidu/bfe/bfe_server.(*BfeListener).Accept:81) BfeListener: accept connection via BGW
[2020/01/03 18:52:11 CST] [DEBG] [20733] (github.com/baidu/bfe/bfe_util.getCipPortViaBGW:110) GetsockoptMutiByte fail: TCP_OPT_CIP_ANY: protocol not available
[2020/01/03 18:52:11 CST] [DEBG] [20733] (github.com/baidu/bfe/bfe_util.(*BgwConn).initSrcAddr:275) BgwConn getCipPortViaBGW failed, err:protocol not available
[2020/01/03 18:52:11 CST] [DEBG] [20733] (github.com/baidu/bfe/bfe_util.getVipPortViaBGW:88) GetsockoptMutiByte() fail: TCP_OPT_VIP_ANY: protocol not available
[2020/01/03 18:52:11 CST] [DEBG] [20733] (github.com/baidu/bfe/bfe_util.(*BgwConn).initDstAddr:288) BgwConn getVipPortViaBGW failed, err:protocol not available
[2020/01/03 18:52:11 CST] [DEBG] [20733] (github.com/baidu/bfe/bfe_server.newConn:167) newConn(): GetVip: vip unknown
[2020/01/03 18:52:11 CST] [DEBG] [20733] (github.com/baidu/bfe/bfe_server.(*conn).serve:490) conn.serve(): not upgrade to other protocol over http/https
[2020/01/03 18:52:11 CST] [INFO] [20733] (github.com/baidu/bfe/bfe_server.(*ReverseProxy).ServeHTTP:541) FindProduct error[no product found] host[adapi.biz.weibo.com] vip[<nil>] clientip[127.0.0.1:51529]
[2020/01/03 18:52:11 CST] [DEBG] [20733] (github.com/baidu/bfe/bfe_server.(*chunkWriter).writeHeader:323) Get Res-Length failed, err strconv.Atoi: parsing "": invalid syntax
[2020/01/03 18:52:11 CST] [DEBG] [20733] (github.com/baidu/bfe/bfe_server.(*BfeListener).Accept:81) BfeListener: accept connection via BGW
[2020/01/03 18:52:11 CST] [DEBG] [20733] (github.com/baidu/bfe/bfe_util.getCipPortViaBGW:110) GetsockoptMutiByte fail: TCP_OPT_CIP_ANY: protocol not available
[2020/01/03 18:52:11 CST] [DEBG] [20733] (github.com/baidu/bfe/bfe_util.(*BgwConn).initSrcAddr:275) BgwConn getCipPortViaBGW failed, err:protocol not available
[2020/01/03 18:52:11 CST] [DEBG] [20733] (github.com/baidu/bfe/bfe_util.getVipPortViaBGW:88) GetsockoptMutiByte() fail: TCP_OPT_VIP_ANY: protocol not available
[2020/01/03 18:52:11 CST] [DEBG] [20733] (github.com/baidu/bfe/bfe_util.(*BgwConn).initDstAddr:288) BgwConn getVipPortViaBGW failed, err:protocol not available
[2020/01/03 18:52:11 CST] [DEBG] [20733] (github.com/baidu/bfe/bfe_server.newConn:167) newConn(): GetVip: vip unknown
[2020/01/03 18:52:11 CST] [DEBG] [20733] (github.com/baidu/bfe/bfe_server.(*conn).serve:490) conn.serve(): not upgrade to other protocol over http/https
[2020/01/03 18:52:11 CST] [INFO] [20733] (github.com/baidu/bfe/bfe_server.(*ReverseProxy).ServeHTTP:541) FindProduct error[no product found] host[adapi.biz.weibo.com] vip[<nil>] clientip[127.0.0.1:51530]
[2020/01/03 18:52:11 CST] [DEBG] [20733] (github.com/baidu/bfe/bfe_server.(*chunkWriter).writeHeader:323) Get Res-Length failed, err strconv.Atoi: parsing "": invalid syntax
[2020/01/03 18:52:12 CST] [DEBG] [20733] (github.com/baidu/bfe/bfe_server.(*BfeListener).Accept:81) BfeListener: accept connection via BGW
[2020/01/03 18:52:12 CST] [DEBG] [20733] (github.com/baidu/bfe/bfe_util.getCipPortViaBGW:110) GetsockoptMutiByte fail: TCP_OPT_CIP_ANY: protocol not available
[2020/01/03 18:52:12 CST] [DEBG] [20733] (github.com/baidu/bfe/bfe_util.(*BgwConn).initSrcAddr:275) BgwConn getCipPortViaBGW failed, err:protocol not available
[2020/01/03 18:52:12 CST] [DEBG] [20733] (github.com/baidu/bfe/bfe_util.getVipPortViaBGW:88) GetsockoptMutiByte() fail: TCP_OPT_VIP_ANY: protocol not available
[2020/01/03 18:52:12 CST] [DEBG] [20733] (github.com/baidu/bfe/bfe_util.(*BgwConn).initDstAddr:288) BgwConn getVipPortViaBGW failed, err:protocol not available
[2020/01/03 18:52:12 CST] [DEBG] [20733] (github.com/baidu/bfe/bfe_server.newConn:167) newConn(): GetVip: vip unknown
[2020/01/03 18:52:12 CST] [DEBG] [20733] (github.com/baidu/bfe/bfe_server.(*conn).serve:490) conn.serve(): not upgrade to other protocol over http/https
[2020/01/03 18:52:12 CST] [INFO] [20733] (github.com/baidu/bfe/bfe_server.(*ReverseProxy).ServeHTTP:541) FindProduct error[no product found] host[adapi.biz.weibo.com] vip[<nil>] clientip[127.0.0.1:51536]
[2020/01/03 18:52:12 CST] [DEBG] [20733] (github.com/baidu/bfe/bfe_server.(*chunkWriter).writeHeader:323) Get Res-Length failed, err strconv.Atoi: parsing "": invalid syntax
[2020/01/03 19:34:16 CST] [INFO] [20733] (github.com/baidu/go-lib/web-monitor/web_monitor.(*MonitorServer).reloadHandler:269) MonitorServer:Reload through web, cmd=[mod_header], params=[map[]] from[127.0.0.1:64217]
[2020/01/03 19:34:24 CST] [INFO] [20733] (github.com/baidu/go-lib/web-monitor/web_monitor.(*MonitorServer).reloadHandler:269) MonitorServer:Reload through web, cmd=[mod_rewrite], params=[map[]] from[127.0.0.1:64217]
